#-----------------------------------------------------------
# Vivado v2017.4 (64-bit)
# SW Build 2086221 on Fri Dec 15 20:55:39 MST 2017
# IP Build 2085800 on Fri Dec 15 22:25:07 MST 2017
# Start of session at: Thu Oct 21 09:26:27 2021
# Process ID: 2076
# Current directory: C:/work/library_of_hdmi/axis_passthrough_mon
# Command line: vivado.exe -gui_launcher_event rodinguilauncherevent16096 C:\work\library_of_hdmi\axis_passthrough_mon\axis_passthrough_mon.xpr
# Log file: C:/work/library_of_hdmi/axis_passthrough_mon/vivado.log
# Journal file: C:/work/library_of_hdmi/axis_passthrough_mon\vivado.jou
#-----------------------------------------------------------
start_gui
open_project C:/work/library_of_hdmi/axis_passthrough_mon/axis_passthrough_mon.xpr
Scanning sources...
Finished scanning sources
INFO: [IP_Flow 19-234] Refreshing IP repositories
INFO: [IP_Flow 19-1700] Loaded user IP repository 'c:/work/library_of_hdmi/axis_passthrough_mon/axis_passthrough_mon.srcs/sources_1/new'.
INFO: [IP_Flow 19-2313] Loaded Vivado IP repository 'C:/Xilinx/Vivado/2017.4/data/ip'.
open_project: Time (s): cpu = 00:00:17 ; elapsed = 00:00:09 . Memory (MB): peak = 790.684 ; gain = 73.152
update_compile_order -fileset sources_1
ipx::open_ipxact_file {C:\work\library_of_hdmi\axis_passthrough_mon\axis_passthrough_mon.srcs\sources_1\new\component.xml}
ipx::merge_project_changes hdl_parameters [ipx::current_core]
INFO: [IP_Flow 19-1976] HDL Parser: Replacing 'MAX_BIT_PER_COMPONENT' by 8 for port or parameter 's_axis_tdata'
INFO: [IP_Flow 19-1976] HDL Parser: Replacing 'NUM_PIXEL_PER_CLOCK' by 1 for port or parameter 's_axis_tdata'
INFO: [IP_Flow 19-1976] HDL Parser: Replacing 'MAX_BIT_PER_COMPONENT' by 8 for port or parameter 's_axis_tdata'
INFO: [IP_Flow 19-1976] HDL Parser: Replacing 'NUM_PIXEL_PER_CLOCK' by 1 for port or parameter 's_axis_tdata'
INFO: [IP_Flow 19-1976] HDL Parser: Replacing 'MAX_BIT_PER_COMPONENT' by 8 for port or parameter 'm_axis_tdata'
INFO: [IP_Flow 19-1976] HDL Parser: Replacing 'NUM_PIXEL_PER_CLOCK' by 1 for port or parameter 'm_axis_tdata'
INFO: [IP_Flow 19-1976] HDL Parser: Replacing 'MAX_BIT_PER_COMPONENT' by 8 for port or parameter 'm_axis_tdata'
INFO: [IP_Flow 19-1976] HDL Parser: Replacing 'NUM_PIXEL_PER_CLOCK' by 1 for port or parameter 'm_axis_tdata'
set_property core_revision 8 [ipx::current_core]
ipx::create_xgui_files [ipx::current_core]
ipx::update_checksums [ipx::current_core]
ipx::save_core [ipx::current_core]
update_ip_catalog -rebuild -repo_path c:/work/library_of_hdmi/axis_passthrough_mon/axis_passthrough_mon.srcs/sources_1/new
INFO: [IP_Flow 19-725] Reloaded user IP repository 'c:/work/library_of_hdmi/axis_passthrough_mon/axis_passthrough_mon.srcs/sources_1/new'
ipx::update_checksums [ipx::current_core]
ipx::save_core [ipx::current_core]
ipx::merge_project_changes ports [ipx::current_core]
INFO: [IP_Flow 19-1976] HDL Parser: Replacing 'MAX_BIT_PER_COMPONENT' by 8 for port or parameter 's_axis_tdata'
INFO: [IP_Flow 19-1976] HDL Parser: Replacing 'NUM_PIXEL_PER_CLOCK' by 2 for port or parameter 's_axis_tdata'
INFO: [IP_Flow 19-1976] HDL Parser: Replacing 'MAX_BIT_PER_COMPONENT' by 8 for port or parameter 's_axis_tdata'
INFO: [IP_Flow 19-1976] HDL Parser: Replacing 'NUM_PIXEL_PER_CLOCK' by 2 for port or parameter 's_axis_tdata'
INFO: [IP_Flow 19-1976] HDL Parser: Replacing 'MAX_BIT_PER_COMPONENT' by 8 for port or parameter 'm_axis_tdata'
INFO: [IP_Flow 19-1976] HDL Parser: Replacing 'NUM_PIXEL_PER_CLOCK' by 2 for port or parameter 'm_axis_tdata'
INFO: [IP_Flow 19-1976] HDL Parser: Replacing 'MAX_BIT_PER_COMPONENT' by 8 for port or parameter 'm_axis_tdata'
INFO: [IP_Flow 19-1976] HDL Parser: Replacing 'NUM_PIXEL_PER_CLOCK' by 2 for port or parameter 'm_axis_tdata'
set_property core_revision 9 [ipx::current_core]
ipx::create_xgui_files [ipx::current_core]
ipx::update_checksums [ipx::current_core]
ipx::save_core [ipx::current_core]
update_ip_catalog -rebuild -repo_path c:/work/library_of_hdmi/axis_passthrough_mon/axis_passthrough_mon.srcs/sources_1/new
INFO: [IP_Flow 19-725] Reloaded user IP repository 'c:/work/library_of_hdmi/axis_passthrough_mon/axis_passthrough_mon.srcs/sources_1/new'
ipx::merge_project_changes hdl_parameters [ipx::current_core]
INFO: [IP_Flow 19-1976] HDL Parser: Replacing 'MAX_BIT_PER_COMPONENT' by 8 for port or parameter 's_axis_tdata'
INFO: [IP_Flow 19-1976] HDL Parser: Replacing 'NUM_PIXEL_PER_CLOCK' by 2 for port or parameter 's_axis_tdata'
INFO: [IP_Flow 19-1976] HDL Parser: Replacing 'MAX_BIT_PER_COMPONENT' by 8 for port or parameter 's_axis_tdata'
INFO: [IP_Flow 19-1976] HDL Parser: Replacing 'NUM_PIXEL_PER_CLOCK' by 2 for port or parameter 's_axis_tdata'
INFO: [IP_Flow 19-1976] HDL Parser: Replacing 'MAX_BIT_PER_COMPONENT' by 8 for port or parameter 'm_axis_tdata'
INFO: [IP_Flow 19-1976] HDL Parser: Replacing 'NUM_PIXEL_PER_CLOCK' by 2 for port or parameter 'm_axis_tdata'
INFO: [IP_Flow 19-1976] HDL Parser: Replacing 'MAX_BIT_PER_COMPONENT' by 8 for port or parameter 'm_axis_tdata'
INFO: [IP_Flow 19-1976] HDL Parser: Replacing 'NUM_PIXEL_PER_CLOCK' by 2 for port or parameter 'm_axis_tdata'
set_property core_revision 10 [ipx::current_core]
ipx::create_xgui_files [ipx::current_core]
ipx::update_checksums [ipx::current_core]
ipx::save_core [ipx::current_core]
update_ip_catalog -rebuild -repo_path c:/work/library_of_hdmi/axis_passthrough_mon/axis_passthrough_mon.srcs/sources_1/new
INFO: [IP_Flow 19-725] Reloaded user IP repository 'c:/work/library_of_hdmi/axis_passthrough_mon/axis_passthrough_mon.srcs/sources_1/new'
exit
INFO: [Common 17-206] Exiting Vivado at Thu Oct 21 09:41:00 2021...
