#-----------------------------------------------------------
# Vivado v2017.4 (64-bit)
# SW Build 2086221 on Fri Dec 15 20:55:39 MST 2017
# IP Build 2085800 on Fri Dec 15 22:25:07 MST 2017
# Start of session at: Tue Oct 19 09:42:05 2021
# Process ID: 16904
# Current directory: C:/work/library_of_hdmi/axis_passthrough_mon
# Command line: vivado.exe -gui_launcher_event rodinguilauncherevent28072 C:\work\library_of_hdmi\axis_passthrough_mon\axis_passthrough_mon.xpr
# Log file: C:/work/library_of_hdmi/axis_passthrough_mon/vivado.log
# Journal file: C:/work/library_of_hdmi/axis_passthrough_mon\vivado.jou
#-----------------------------------------------------------
start_gui
open_project C:/work/library_of_hdmi/axis_passthrough_mon/axis_passthrough_mon.xpr
Scanning sources...
Finished scanning sources
INFO: [IP_Flow 19-234] Refreshing IP repositories
INFO: [IP_Flow 19-1700] Loaded user IP repository 'c:/work/library_of_hdmi/axis_passthrough_mon/axis_passthrough_mon.srcs/sources_1/new'.
INFO: [IP_Flow 19-2313] Loaded Vivado IP repository 'C:/Xilinx/Vivado/2017.4/data/ip'.
open_project: Time (s): cpu = 00:00:17 ; elapsed = 00:00:10 . Memory (MB): peak = 787.406 ; gain = 66.918
update_compile_order -fileset sources_1
ipx::open_ipxact_file {C:\work\library_of_hdmi\axis_passthrough_mon\axis_passthrough_mon.srcs\sources_1\new\component.xml}
exit
INFO: [Common 17-206] Exiting Vivado at Tue Oct 19 09:44:04 2021...
