#-----------------------------------------------------------
# Vivado v2020.2 (64-bit)
# SW Build 3064766 on Wed Nov 18 09:12:45 MST 2020
# IP Build 3064653 on Wed Nov 18 14:17:31 MST 2020
# Start of session at: Wed Apr 27 17:34:44 2022
# Process ID: 2100
# Current directory: C:/Users/txzing/Desktop/prj/lvds_mapping/project_1
# Command line: vivado.exe -gui_launcher_event rodinguilauncherevent14316 C:\Users\txzing\Desktop\prj\lvds_mapping\project_1\project_1.xpr
# Log file: C:/Users/txzing/Desktop/prj/lvds_mapping/project_1/vivado.log
# Journal file: C:/Users/txzing/Desktop/prj/lvds_mapping/project_1\vivado.jou
#-----------------------------------------------------------
start_gui
open_project C:/Users/txzing/Desktop/prj/lvds_mapping/project_1/project_1.xpr
WARNING: [filemgmt 56-3] Default IP Output Path : Could not find the directory 'C:/Users/txzing/Desktop/prj/lvds_mapping/project_1/project_1.gen/sources_1'.
Scanning sources...
Finished scanning sources
INFO: [IP_Flow 19-234] Refreshing IP repositories
INFO: [IP_Flow 19-1700] Loaded user IP repository 'c:/users/txzing/desktop/prj/lvds_mapping'.
INFO: [IP_Flow 19-2313] Loaded Vivado IP repository 'D:/Vivado/Vivado/2020.2/data/ip'.
open_project: Time (s): cpu = 00:00:10 ; elapsed = 00:00:06 . Memory (MB): peak = 1179.691 ; gain = 0.000
exit
INFO: [Common 17-206] Exiting Vivado at Wed Apr 27 17:35:02 2022...
