13:14:46 INFO  : Registering command handlers for Vitis TCF services
13:14:47 INFO  : Result from executing command 'getProjects': 
13:14:48 INFO  : Platform repository initialization has completed.
13:14:48 INFO  : Result from executing command 'getPlatforms': 
13:14:49 INFO  : Result from executing command 'getProjects': system_wrapper
13:14:50 INFO  : Result from executing command 'getPlatforms': system_wrapper|D:/workdir/Git_repository_FPGA/ZYNQ/7020/Vitis/system_wrapper/export/system_wrapper/system_wrapper.xpfm
13:14:50 INFO  : Result from executing command 'reportPlatform': {system_wrapper={standalone_domain={Os=standalone, DomainName=standalone_domain, CpuType=cortex-a9, CpuInstance=ps7_cortexa9_0}}}
13:14:50 INFO  : Result from executing command 'reportPlatform': {system_wrapper={standalone_domain={Os=standalone, DomainName=standalone_domain, CpuType=cortex-a9, CpuInstance=ps7_cortexa9_0}}}
13:14:50 INFO  : Result from executing command 'reportPlatform': {system_wrapper={standalone_domain={Os=standalone, DomainName=standalone_domain, CpuType=cortex-a9, CpuInstance=ps7_cortexa9_0}}}
13:14:53 INFO  : plnx-install-location is set to ''
13:14:54 INFO  : Successfully done query RDI_DATADIR 
13:15:06 INFO  : Result from executing command 'getProjects': system_wrapper
13:15:06 INFO  : Result from executing command 'getPlatforms': system_wrapper|D:/workdir/Git_repository_FPGA/ZYNQ/7020/Vitis/system_wrapper/export/system_wrapper/system_wrapper.xpfm
13:15:13 INFO  : Checking for BSP changes to sync application flags for project 'test'...
13:15:19 ERROR : xsct server communication channel has closed unexpectedly.
java.net.SocketException: Connection reset
	at java.base/java.net.SocketInputStream.read(SocketInputStream.java:186)
	at java.base/java.net.SocketInputStream.read(SocketInputStream.java:140)
	at java.base/java.io.BufferedInputStream.read1(BufferedInputStream.java:290)
	at java.base/java.io.BufferedInputStream.read(BufferedInputStream.java:351)
	at java.base/java.io.FilterInputStream.read(FilterInputStream.java:107)
	at org.eclipse.tcf.core.ChannelTCP.get(ChannelTCP.java:186)
	at org.eclipse.tcf.core.StreamChannel.read(StreamChannel.java:85)
	at org.eclipse.tcf.core.AbstractChannel$1.run(AbstractChannel.java:329)
13:21:24 INFO  : Launching XSCT server: xsct.bat -n  -interactive D:\workdir\Git_repository_FPGA\ZYNQ\7020\Vitis\temp_xsdb_launch_script.tcl
13:21:26 INFO  : XSCT server has started successfully.
13:21:26 INFO  : Successfully done setting XSCT server connection channel  
13:21:26 INFO  : plnx-install-location is set to ''
13:21:26 INFO  : Successfully done setting workspace for the tool. 
13:21:29 INFO  : Platform repository initialization has completed.
13:21:29 INFO  : Successfully done query RDI_DATADIR 
13:21:29 INFO  : Registering command handlers for Vitis TCF services
13:29:23 INFO  : Result from executing command 'getProjects': system_wrapper
13:29:23 INFO  : Result from executing command 'getPlatforms': system_wrapper|D:/workdir/Git_repository_FPGA/ZYNQ/7020/Vitis/system_wrapper/export/system_wrapper/system_wrapper.xpfm
13:29:24 INFO  : Checking for BSP changes to sync application flags for project 'test'...
13:30:06 INFO  : Connected to target on host '127.0.0.1' and port '3121'.
13:30:06 INFO  : Jtag cable 'Platform Cable USB 00000000000000' is selected.
13:30:06 INFO  : 'jtag frequency' command is executed.
13:30:06 INFO  : Context for 'APU' is selected.
13:30:06 INFO  : System reset is completed.
13:30:09 INFO  : 'after 3000' command is executed.
13:30:09 INFO  : 'targets -set -filter {jtag_cable_name =~ "Platform Cable USB 00000000000000" && level==0 && jtag_device_ctx=="jsn-DLC9LP-00000000000000-23727093-0"}' command is executed.
13:30:10 INFO  : Device configured successfully with "D:/workdir/Git_repository_FPGA/ZYNQ/7020/Vitis/test/_ide/bitstream/system_wrapper.bit"
13:30:10 INFO  : Context for 'APU' is selected.
13:30:10 INFO  : Hardware design and registers information is loaded from 'D:/workdir/Git_repository_FPGA/ZYNQ/7020/Vitis/system_wrapper/export/system_wrapper/hw/system_wrapper.xsa'.
13:30:10 INFO  : 'configparams force-mem-access 1' command is executed.
13:30:10 INFO  : Context for 'APU' is selected.
13:30:10 INFO  : Sourcing of 'D:/workdir/Git_repository_FPGA/ZYNQ/7020/Vitis/test/_ide/psinit/ps7_init.tcl' is done.
13:30:11 INFO  : 'ps7_init' command is executed.
13:30:11 INFO  : 'ps7_post_config' command is executed.
13:30:11 INFO  : Context for processor 'ps7_cortexa9_0' is selected.
13:30:12 INFO  : The application 'D:/workdir/Git_repository_FPGA/ZYNQ/7020/Vitis/test/Debug/test.elf' is downloaded to processor 'ps7_cortexa9_0'.
13:30:12 INFO  : 'configparams force-mem-access 0' command is executed.
13:30:12 INFO  : ----------------XSDB Script----------------
connect -url tcp:127.0.0.1:3121
targets -set -nocase -filter {name =~"APU*"}
rst -system
after 3000
targets -set -filter {jtag_cable_name =~ "Platform Cable USB 00000000000000" && level==0 && jtag_device_ctx=="jsn-DLC9LP-00000000000000-23727093-0"}
fpga -file D:/workdir/Git_repository_FPGA/ZYNQ/7020/Vitis/test/_ide/bitstream/system_wrapper.bit
targets -set -nocase -filter {name =~"APU*"}
loadhw -hw D:/workdir/Git_repository_FPGA/ZYNQ/7020/Vitis/system_wrapper/export/system_wrapper/hw/system_wrapper.xsa -mem-ranges [list {0x40000000 0xbfffffff}] -regs
configparams force-mem-access 1
targets -set -nocase -filter {name =~"APU*"}
source D:/workdir/Git_repository_FPGA/ZYNQ/7020/Vitis/test/_ide/psinit/ps7_init.tcl
ps7_init
ps7_post_config
targets -set -nocase -filter {name =~ "*A9*#0"}
dow D:/workdir/Git_repository_FPGA/ZYNQ/7020/Vitis/test/Debug/test.elf
configparams force-mem-access 0
----------------End of Script----------------

13:30:12 INFO  : Context for processor 'ps7_cortexa9_0' is selected.
13:30:12 INFO  : 'con' command is executed.
13:30:12 INFO  : ----------------XSDB Script (After Launch)----------------
targets -set -nocase -filter {name =~ "*A9*#0"}
con
----------------End of Script----------------

13:30:12 INFO  : Launch script is exported to file 'D:\workdir\Git_repository_FPGA\ZYNQ\7020\Vitis\test_system\_ide\scripts\systemdebugger_test_system_standalone.tcl'
13:31:02 INFO  : Disconnected from the channel tcfchan#3.
