Copyright 1986-2020 Xilinx, Inc. All Rights Reserved.
-------------------------------------------------------------------------------------------
| Tool Version : Vivado v.2020.2 (win64) Build 3064766 Wed Nov 18 09:12:45 MST 2020
| Date         : Wed May 25 12:32:42 2022
| Host         : TX running 64-bit major release  (build 9200)
| Command      : report_control_sets -verbose -file system_wrapper_control_sets_placed.rpt
| Design       : system_wrapper
| Device       : xc7z020
-------------------------------------------------------------------------------------------

Control Set Information

Table of Contents
-----------------
1. Summary
2. Histogram
3. Flip-Flop Distribution
4. Detailed Control Set Information

1. Summary
----------

+----------------------------------------------------------+-------+
|                          Status                          | Count |
+----------------------------------------------------------+-------+
| Total control sets                                       |   157 |
|    Minimum number of control sets                        |   157 |
|    Addition due to synthesis replication                 |     0 |
|    Addition due to physical synthesis replication        |     0 |
| Unused register locations in slices containing registers |    83 |
+----------------------------------------------------------+-------+
* Control sets can be merged at opt_design using control_set_merge or merge_equivalent_drivers
** Run report_qor_suggestions for automated merging and remapping suggestions


2. Histogram
------------

+--------------------+-------+
|       Fanout       | Count |
+--------------------+-------+
| Total control sets |   157 |
| >= 0 to < 4        |     2 |
| >= 4 to < 6        |     7 |
| >= 6 to < 8        |     3 |
| >= 8 to < 10       |   129 |
| >= 10 to < 12      |     1 |
| >= 12 to < 14      |     1 |
| >= 14 to < 16      |     2 |
| >= 16              |    12 |
+--------------------+-------+
* Control sets can be remapped at either synth_design or opt_design


3. Flip-Flop Distribution
-------------------------

+--------------+-----------------------+------------------------+-----------------+--------------+
| Clock Enable | Synchronous Set/Reset | Asynchronous Set/Reset | Total Registers | Total Slices |
+--------------+-----------------------+------------------------+-----------------+--------------+
| No           | No                    | No                     |             109 |           35 |
| No           | No                    | Yes                    |               0 |            0 |
| No           | Yes                   | No                     |              28 |           12 |
| Yes          | No                    | No                     |             299 |           75 |
| Yes          | No                    | Yes                    |               0 |            0 |
| Yes          | Yes                   | No                     |            1065 |          321 |
+--------------+-----------------------+------------------------+-----------------+--------------+


4. Detailed Control Set Information
-----------------------------------

+-----------------------------------------------+--------------------------------------------------------------------------------------------------------------------------------------------------------------+-----------------------------------------------------------------------------------------------------------------------------------------------------+------------------+----------------+--------------+
|                  Clock Signal                 |                                                                         Enable Signal                                                                        |                                                                   Set/Reset Signal                                                                  | Slice Load Count | Bel Load Count | Bels / Slice |
+-----------------------------------------------+--------------------------------------------------------------------------------------------------------------------------------------------------------------+-----------------------------------------------------------------------------------------------------------------------------------------------------+------------------+----------------+--------------+
|  system_i/processing_system7_0/inst/FCLK_CLK0 | system_i/ps7_0_axi_periph/s00_couplers/auto_pc/inst/gen_axilite.gen_b2s_conv.axilite_b2s/WR.aw_channel_0/aw_cmd_fsm_0/FSM_sequential_state_reg[0]_1          | system_i/ps7_0_axi_periph/s00_couplers/auto_pc/inst/gen_axilite.gen_b2s_conv.axilite_b2s/WR.aw_channel_0/aw_cmd_fsm_0/FSM_sequential_state_reg[0]_0 |                1 |              1 |         1.00 |
|  system_i/processing_system7_0/inst/FCLK_CLK0 | system_i/ps7_0_axi_periph/s00_couplers/auto_pc/inst/gen_axilite.gen_b2s_conv.axilite_b2s/WR.b_channel_0/bid_fifo_0/sel                                       |                                                                                                                                                     |                1 |              2 |         2.00 |
|  system_i/processing_system7_0/inst/FCLK_CLK0 |                                                                                                                                                              | system_i/rst_ps7_0_200M/U0/EXT_LPF/lpf_int                                                                                                          |                1 |              4 |         4.00 |
|  system_i/processing_system7_0/inst/FCLK_CLK0 |                                                                                                                                                              | system_i/ps7_0_axi_periph/s00_couplers/auto_pc/inst/gen_axilite.gen_b2s_conv.axilite_b2s/SI_REG/aw.aw_pipe/aresetn_d_reg[0]_0                       |                2 |              4 |         2.00 |
|  system_i/processing_system7_0/inst/FCLK_CLK0 |                                                                                                                                                              | system_i/ps7_0_axi_periph/s00_couplers/auto_pc/inst/gen_axilite.gen_b2s_conv.axilite_b2s/SI_REG/ar.ar_pipe/aresetn_d_reg[1]_inv_0                   |                2 |              4 |         2.00 |
|  system_i/processing_system7_0/inst/FCLK_CLK0 | system_i/ps7_0_axi_periph/s00_couplers/auto_pc/inst/gen_axilite.gen_b2s_conv.axilite_b2s/RD.ar_channel_0/ar_cmd_fsm_0/m_axi_arready_2                        | system_i/ps7_0_axi_periph/s00_couplers/auto_pc/inst/gen_axilite.gen_b2s_conv.axilite_b2s/RD.ar_channel_0/ar_cmd_fsm_0/FSM_sequential_state_reg[1]_0 |                2 |              4 |         2.00 |
|  system_i/processing_system7_0/inst/FCLK_CLK0 | system_i/AXI_LITE_REG_0/inst/AXI_LITE_REG_v1_0_S00_AXI_inst/axi_awready0                                                                                     | system_i/AXI_LITE_REG_0/inst/axi_awready_i_1_n_0                                                                                                    |                2 |              5 |         2.50 |
|  system_i/processing_system7_0/inst/FCLK_CLK0 | system_i/ps7_0_axi_periph/s00_couplers/auto_pc/inst/gen_axilite.gen_b2s_conv.axilite_b2s/RD.r_channel_0/rd_data_fifo_0/cnt_read[4]_i_1__0_n_0                | system_i/ps7_0_axi_periph/s00_couplers/auto_pc/inst/gen_axilite.gen_b2s_conv.axilite_b2s/areset_d1                                                  |                2 |              5 |         2.50 |
|  system_i/processing_system7_0/inst/FCLK_CLK0 | system_i/ps7_0_axi_periph/s00_couplers/auto_pc/inst/gen_axilite.gen_b2s_conv.axilite_b2s/RD.r_channel_0/transaction_fifo_0/cnt_read[4]_i_1_n_0               | system_i/ps7_0_axi_periph/s00_couplers/auto_pc/inst/gen_axilite.gen_b2s_conv.axilite_b2s/areset_d1                                                  |                2 |              5 |         2.50 |
|  system_i/processing_system7_0/inst/FCLK_CLK0 |                                                                                                                                                              | system_i/AXI_LITE_REG_0/inst/axi_awready_i_1_n_0                                                                                                    |                3 |              6 |         2.00 |
|  system_i/processing_system7_0/inst/FCLK_CLK0 | system_i/rst_ps7_0_200M/U0/SEQ/seq_cnt_en                                                                                                                    | system_i/rst_ps7_0_200M/U0/SEQ/SEQ_COUNTER/clear                                                                                                    |                1 |              6 |         6.00 |
|  system_i/processing_system7_0/inst/FCLK_CLK0 | system_i/AXI_LITE_REG_0/inst/AXI_LITE_REG_v1_0_S00_AXI_inst/axi_arready0                                                                                     | system_i/AXI_LITE_REG_0/inst/axi_awready_i_1_n_0                                                                                                    |                2 |              7 |         3.50 |
|  system_i/processing_system7_0/inst/FCLK_CLK0 | system_i/AXI_LITE_REG_0/inst/AXI_LITE_REG_v1_0_S00_AXI_inst/slv_reg28[23]_i_1_n_0                                                                            | system_i/AXI_LITE_REG_0/inst/axi_awready_i_1_n_0                                                                                                    |                1 |              8 |         8.00 |
|  system_i/processing_system7_0/inst/FCLK_CLK0 | system_i/AXI_LITE_REG_0/inst/AXI_LITE_REG_v1_0_S00_AXI_inst/slv_reg17[7]_i_1_n_0                                                                             | system_i/AXI_LITE_REG_0/inst/axi_awready_i_1_n_0                                                                                                    |                2 |              8 |         4.00 |
|  system_i/processing_system7_0/inst/FCLK_CLK0 | system_i/AXI_LITE_REG_0/inst/AXI_LITE_REG_v1_0_S00_AXI_inst/slv_reg16[7]_i_1_n_0                                                                             | system_i/AXI_LITE_REG_0/inst/axi_awready_i_1_n_0                                                                                                    |                2 |              8 |         4.00 |
|  system_i/processing_system7_0/inst/FCLK_CLK0 | system_i/AXI_LITE_REG_0/inst/AXI_LITE_REG_v1_0_S00_AXI_inst/slv_reg23[31]_i_1_n_0                                                                            | system_i/AXI_LITE_REG_0/inst/axi_awready_i_1_n_0                                                                                                    |                3 |              8 |         2.67 |
|  system_i/processing_system7_0/inst/FCLK_CLK0 | system_i/AXI_LITE_REG_0/inst/AXI_LITE_REG_v1_0_S00_AXI_inst/slv_reg26[31]_i_1_n_0                                                                            | system_i/AXI_LITE_REG_0/inst/axi_awready_i_1_n_0                                                                                                    |                1 |              8 |         8.00 |
|  system_i/processing_system7_0/inst/FCLK_CLK0 | system_i/AXI_LITE_REG_0/inst/AXI_LITE_REG_v1_0_S00_AXI_inst/slv_reg22[15]_i_1_n_0                                                                            | system_i/AXI_LITE_REG_0/inst/axi_awready_i_1_n_0                                                                                                    |                2 |              8 |         4.00 |
|  system_i/processing_system7_0/inst/FCLK_CLK0 | system_i/AXI_LITE_REG_0/inst/AXI_LITE_REG_v1_0_S00_AXI_inst/slv_reg28[15]_i_1_n_0                                                                            | system_i/AXI_LITE_REG_0/inst/axi_awready_i_1_n_0                                                                                                    |                3 |              8 |         2.67 |
|  system_i/processing_system7_0/inst/FCLK_CLK0 | system_i/AXI_LITE_REG_0/inst/AXI_LITE_REG_v1_0_S00_AXI_inst/slv_reg18[31]_i_1_n_0                                                                            | system_i/AXI_LITE_REG_0/inst/axi_awready_i_1_n_0                                                                                                    |                1 |              8 |         8.00 |
|  system_i/processing_system7_0/inst/FCLK_CLK0 | system_i/AXI_LITE_REG_0/inst/AXI_LITE_REG_v1_0_S00_AXI_inst/slv_reg23[15]_i_1_n_0                                                                            | system_i/AXI_LITE_REG_0/inst/axi_awready_i_1_n_0                                                                                                    |                4 |              8 |         2.00 |
|  system_i/processing_system7_0/inst/FCLK_CLK0 | system_i/AXI_LITE_REG_0/inst/AXI_LITE_REG_v1_0_S00_AXI_inst/slv_reg2[7]_i_1_n_0                                                                              | system_i/AXI_LITE_REG_0/inst/axi_awready_i_1_n_0                                                                                                    |                3 |              8 |         2.67 |
|  system_i/processing_system7_0/inst/FCLK_CLK0 | system_i/AXI_LITE_REG_0/inst/AXI_LITE_REG_v1_0_S00_AXI_inst/slv_reg29[31]_i_1_n_0                                                                            | system_i/AXI_LITE_REG_0/inst/axi_awready_i_1_n_0                                                                                                    |                4 |              8 |         2.00 |
|  system_i/processing_system7_0/inst/FCLK_CLK0 | system_i/AXI_LITE_REG_0/inst/AXI_LITE_REG_v1_0_S00_AXI_inst/slv_reg24[31]_i_1_n_0                                                                            | system_i/AXI_LITE_REG_0/inst/axi_awready_i_1_n_0                                                                                                    |                2 |              8 |         4.00 |
|  system_i/processing_system7_0/inst/FCLK_CLK0 | system_i/AXI_LITE_REG_0/inst/AXI_LITE_REG_v1_0_S00_AXI_inst/slv_reg26[23]_i_1_n_0                                                                            | system_i/AXI_LITE_REG_0/inst/axi_awready_i_1_n_0                                                                                                    |                2 |              8 |         4.00 |
|  system_i/processing_system7_0/inst/FCLK_CLK0 | system_i/AXI_LITE_REG_0/inst/AXI_LITE_REG_v1_0_S00_AXI_inst/slv_reg16[15]_i_1_n_0                                                                            | system_i/AXI_LITE_REG_0/inst/axi_awready_i_1_n_0                                                                                                    |                2 |              8 |         4.00 |
|  system_i/processing_system7_0/inst/FCLK_CLK0 | system_i/AXI_LITE_REG_0/inst/AXI_LITE_REG_v1_0_S00_AXI_inst/slv_reg17[23]_i_1_n_0                                                                            | system_i/AXI_LITE_REG_0/inst/axi_awready_i_1_n_0                                                                                                    |                1 |              8 |         8.00 |
|  system_i/processing_system7_0/inst/FCLK_CLK0 | system_i/AXI_LITE_REG_0/inst/AXI_LITE_REG_v1_0_S00_AXI_inst/slv_reg20[7]_i_1_n_0                                                                             | system_i/AXI_LITE_REG_0/inst/axi_awready_i_1_n_0                                                                                                    |                2 |              8 |         4.00 |
|  system_i/processing_system7_0/inst/FCLK_CLK0 | system_i/AXI_LITE_REG_0/inst/AXI_LITE_REG_v1_0_S00_AXI_inst/slv_reg23[7]_i_1_n_0                                                                             | system_i/AXI_LITE_REG_0/inst/axi_awready_i_1_n_0                                                                                                    |                5 |              8 |         1.60 |
|  system_i/processing_system7_0/inst/FCLK_CLK0 | system_i/AXI_LITE_REG_0/inst/AXI_LITE_REG_v1_0_S00_AXI_inst/slv_reg26[7]_i_1_n_0                                                                             | system_i/AXI_LITE_REG_0/inst/axi_awready_i_1_n_0                                                                                                    |                2 |              8 |         4.00 |
|  system_i/processing_system7_0/inst/FCLK_CLK0 | system_i/AXI_LITE_REG_0/inst/AXI_LITE_REG_v1_0_S00_AXI_inst/slv_reg28[31]_i_1_n_0                                                                            | system_i/AXI_LITE_REG_0/inst/axi_awready_i_1_n_0                                                                                                    |                2 |              8 |         4.00 |
|  system_i/processing_system7_0/inst/FCLK_CLK0 | system_i/AXI_LITE_REG_0/inst/AXI_LITE_REG_v1_0_S00_AXI_inst/slv_reg28[7]_i_1_n_0                                                                             | system_i/AXI_LITE_REG_0/inst/axi_awready_i_1_n_0                                                                                                    |                3 |              8 |         2.67 |
|  system_i/processing_system7_0/inst/FCLK_CLK0 | system_i/AXI_LITE_REG_0/inst/AXI_LITE_REG_v1_0_S00_AXI_inst/slv_reg2[15]_i_1_n_0                                                                             | system_i/AXI_LITE_REG_0/inst/axi_awready_i_1_n_0                                                                                                    |                1 |              8 |         8.00 |
|  system_i/processing_system7_0/inst/FCLK_CLK0 | system_i/AXI_LITE_REG_0/inst/AXI_LITE_REG_v1_0_S00_AXI_inst/slv_reg2[23]_i_1_n_0                                                                             | system_i/AXI_LITE_REG_0/inst/axi_awready_i_1_n_0                                                                                                    |                1 |              8 |         8.00 |
|  system_i/processing_system7_0/inst/FCLK_CLK0 | system_i/AXI_LITE_REG_0/inst/AXI_LITE_REG_v1_0_S00_AXI_inst/slv_reg21[31]_i_1_n_0                                                                            | system_i/AXI_LITE_REG_0/inst/axi_awready_i_1_n_0                                                                                                    |                2 |              8 |         4.00 |
|  system_i/processing_system7_0/inst/FCLK_CLK0 | system_i/AXI_LITE_REG_0/inst/AXI_LITE_REG_v1_0_S00_AXI_inst/slv_reg2[31]_i_1_n_0                                                                             | system_i/AXI_LITE_REG_0/inst/axi_awready_i_1_n_0                                                                                                    |                3 |              8 |         2.67 |
|  system_i/processing_system7_0/inst/FCLK_CLK0 | system_i/AXI_LITE_REG_0/inst/AXI_LITE_REG_v1_0_S00_AXI_inst/slv_reg22[23]_i_1_n_0                                                                            | system_i/AXI_LITE_REG_0/inst/axi_awready_i_1_n_0                                                                                                    |                2 |              8 |         4.00 |
|  system_i/processing_system7_0/inst/FCLK_CLK0 | system_i/AXI_LITE_REG_0/inst/AXI_LITE_REG_v1_0_S00_AXI_inst/slv_reg27[31]_i_1_n_0                                                                            | system_i/AXI_LITE_REG_0/inst/axi_awready_i_1_n_0                                                                                                    |                2 |              8 |         4.00 |
|  system_i/processing_system7_0/inst/FCLK_CLK0 | system_i/AXI_LITE_REG_0/inst/AXI_LITE_REG_v1_0_S00_AXI_inst/slv_reg21[23]_i_1_n_0                                                                            | system_i/AXI_LITE_REG_0/inst/axi_awready_i_1_n_0                                                                                                    |                3 |              8 |         2.67 |
|  system_i/processing_system7_0/inst/FCLK_CLK0 | system_i/AXI_LITE_REG_0/inst/AXI_LITE_REG_v1_0_S00_AXI_inst/slv_reg26[15]_i_1_n_0                                                                            | system_i/AXI_LITE_REG_0/inst/axi_awready_i_1_n_0                                                                                                    |                1 |              8 |         8.00 |
|  system_i/processing_system7_0/inst/FCLK_CLK0 | system_i/AXI_LITE_REG_0/inst/AXI_LITE_REG_v1_0_S00_AXI_inst/slv_reg20[31]_i_1_n_0                                                                            | system_i/AXI_LITE_REG_0/inst/axi_awready_i_1_n_0                                                                                                    |                2 |              8 |         4.00 |
|  system_i/processing_system7_0/inst/FCLK_CLK0 | system_i/AXI_LITE_REG_0/inst/AXI_LITE_REG_v1_0_S00_AXI_inst/slv_reg25[23]_i_1_n_0                                                                            | system_i/AXI_LITE_REG_0/inst/axi_awready_i_1_n_0                                                                                                    |                2 |              8 |         4.00 |
|  system_i/processing_system7_0/inst/FCLK_CLK0 | system_i/AXI_LITE_REG_0/inst/AXI_LITE_REG_v1_0_S00_AXI_inst/slv_reg18[23]_i_1_n_0                                                                            | system_i/AXI_LITE_REG_0/inst/axi_awready_i_1_n_0                                                                                                    |                1 |              8 |         8.00 |
|  system_i/processing_system7_0/inst/FCLK_CLK0 | system_i/AXI_LITE_REG_0/inst/AXI_LITE_REG_v1_0_S00_AXI_inst/slv_reg25[31]_i_1_n_0                                                                            | system_i/AXI_LITE_REG_0/inst/axi_awready_i_1_n_0                                                                                                    |                3 |              8 |         2.67 |
|  system_i/processing_system7_0/inst/FCLK_CLK0 | system_i/AXI_LITE_REG_0/inst/AXI_LITE_REG_v1_0_S00_AXI_inst/slv_reg17[15]_i_1_n_0                                                                            | system_i/AXI_LITE_REG_0/inst/axi_awready_i_1_n_0                                                                                                    |                2 |              8 |         4.00 |
|  system_i/processing_system7_0/inst/FCLK_CLK0 | system_i/AXI_LITE_REG_0/inst/AXI_LITE_REG_v1_0_S00_AXI_inst/slv_reg22[7]_i_1_n_0                                                                             | system_i/AXI_LITE_REG_0/inst/axi_awready_i_1_n_0                                                                                                    |                2 |              8 |         4.00 |
|  system_i/processing_system7_0/inst/FCLK_CLK0 | system_i/AXI_LITE_REG_0/inst/AXI_LITE_REG_v1_0_S00_AXI_inst/slv_reg24[7]_i_1_n_0                                                                             | system_i/AXI_LITE_REG_0/inst/axi_awready_i_1_n_0                                                                                                    |                4 |              8 |         2.00 |
|  system_i/processing_system7_0/inst/FCLK_CLK0 | system_i/AXI_LITE_REG_0/inst/AXI_LITE_REG_v1_0_S00_AXI_inst/slv_reg27[7]_i_1_n_0                                                                             | system_i/AXI_LITE_REG_0/inst/axi_awready_i_1_n_0                                                                                                    |                3 |              8 |         2.67 |
|  system_i/processing_system7_0/inst/FCLK_CLK0 | system_i/AXI_LITE_REG_0/inst/AXI_LITE_REG_v1_0_S00_AXI_inst/slv_reg30[15]_i_1_n_0                                                                            | system_i/AXI_LITE_REG_0/inst/axi_awready_i_1_n_0                                                                                                    |                3 |              8 |         2.67 |
|  system_i/processing_system7_0/inst/FCLK_CLK0 | system_i/AXI_LITE_REG_0/inst/AXI_LITE_REG_v1_0_S00_AXI_inst/slv_reg22[31]_i_1_n_0                                                                            | system_i/AXI_LITE_REG_0/inst/axi_awready_i_1_n_0                                                                                                    |                2 |              8 |         4.00 |
|  system_i/processing_system7_0/inst/FCLK_CLK0 | system_i/AXI_LITE_REG_0/inst/AXI_LITE_REG_v1_0_S00_AXI_inst/slv_reg19[31]_i_1_n_0                                                                            | system_i/AXI_LITE_REG_0/inst/axi_awready_i_1_n_0                                                                                                    |                2 |              8 |         4.00 |
|  system_i/processing_system7_0/inst/FCLK_CLK0 | system_i/AXI_LITE_REG_0/inst/AXI_LITE_REG_v1_0_S00_AXI_inst/slv_reg25[15]_i_1_n_0                                                                            | system_i/AXI_LITE_REG_0/inst/axi_awready_i_1_n_0                                                                                                    |                2 |              8 |         4.00 |
|  system_i/processing_system7_0/inst/FCLK_CLK0 | system_i/AXI_LITE_REG_0/inst/AXI_LITE_REG_v1_0_S00_AXI_inst/slv_reg25[7]_i_1_n_0                                                                             | system_i/AXI_LITE_REG_0/inst/axi_awready_i_1_n_0                                                                                                    |                4 |              8 |         2.00 |
|  system_i/processing_system7_0/inst/FCLK_CLK0 | system_i/AXI_LITE_REG_0/inst/AXI_LITE_REG_v1_0_S00_AXI_inst/slv_reg29[15]_i_1_n_0                                                                            | system_i/AXI_LITE_REG_0/inst/axi_awready_i_1_n_0                                                                                                    |                4 |              8 |         2.00 |
|  system_i/processing_system7_0/inst/FCLK_CLK0 | system_i/AXI_LITE_REG_0/inst/AXI_LITE_REG_v1_0_S00_AXI_inst/slv_reg18[15]_i_1_n_0                                                                            | system_i/AXI_LITE_REG_0/inst/axi_awready_i_1_n_0                                                                                                    |                2 |              8 |         4.00 |
|  system_i/processing_system7_0/inst/FCLK_CLK0 | system_i/AXI_LITE_REG_0/inst/AXI_LITE_REG_v1_0_S00_AXI_inst/slv_reg19[23]_i_1_n_0                                                                            | system_i/AXI_LITE_REG_0/inst/axi_awready_i_1_n_0                                                                                                    |                2 |              8 |         4.00 |
|  system_i/processing_system7_0/inst/FCLK_CLK0 | system_i/AXI_LITE_REG_0/inst/AXI_LITE_REG_v1_0_S00_AXI_inst/slv_reg29[7]_i_1_n_0                                                                             | system_i/AXI_LITE_REG_0/inst/axi_awready_i_1_n_0                                                                                                    |                2 |              8 |         4.00 |
|  system_i/processing_system7_0/inst/FCLK_CLK0 | system_i/AXI_LITE_REG_0/inst/AXI_LITE_REG_v1_0_S00_AXI_inst/slv_reg20[23]_i_1_n_0                                                                            | system_i/AXI_LITE_REG_0/inst/axi_awready_i_1_n_0                                                                                                    |                2 |              8 |         4.00 |
|  system_i/processing_system7_0/inst/FCLK_CLK0 | system_i/AXI_LITE_REG_0/inst/AXI_LITE_REG_v1_0_S00_AXI_inst/slv_reg21[7]_i_1_n_0                                                                             | system_i/AXI_LITE_REG_0/inst/axi_awready_i_1_n_0                                                                                                    |                1 |              8 |         8.00 |
|  system_i/processing_system7_0/inst/FCLK_CLK0 | system_i/AXI_LITE_REG_0/inst/AXI_LITE_REG_v1_0_S00_AXI_inst/slv_reg15[7]_i_1_n_0                                                                             | system_i/AXI_LITE_REG_0/inst/axi_awready_i_1_n_0                                                                                                    |                2 |              8 |         4.00 |
|  system_i/processing_system7_0/inst/FCLK_CLK0 | system_i/AXI_LITE_REG_0/inst/AXI_LITE_REG_v1_0_S00_AXI_inst/slv_reg24[23]_i_1_n_0                                                                            | system_i/AXI_LITE_REG_0/inst/axi_awready_i_1_n_0                                                                                                    |                3 |              8 |         2.67 |
|  system_i/processing_system7_0/inst/FCLK_CLK0 | system_i/AXI_LITE_REG_0/inst/AXI_LITE_REG_v1_0_S00_AXI_inst/slv_reg27[15]_i_1_n_0                                                                            | system_i/AXI_LITE_REG_0/inst/axi_awready_i_1_n_0                                                                                                    |                1 |              8 |         8.00 |
|  system_i/processing_system7_0/inst/FCLK_CLK0 | system_i/AXI_LITE_REG_0/inst/AXI_LITE_REG_v1_0_S00_AXI_inst/slv_reg16[23]_i_1_n_0                                                                            | system_i/AXI_LITE_REG_0/inst/axi_awready_i_1_n_0                                                                                                    |                1 |              8 |         8.00 |
|  system_i/processing_system7_0/inst/FCLK_CLK0 | system_i/AXI_LITE_REG_0/inst/AXI_LITE_REG_v1_0_S00_AXI_inst/slv_reg16[31]_i_1_n_0                                                                            | system_i/AXI_LITE_REG_0/inst/axi_awready_i_1_n_0                                                                                                    |                2 |              8 |         4.00 |
|  system_i/processing_system7_0/inst/FCLK_CLK0 | system_i/AXI_LITE_REG_0/inst/AXI_LITE_REG_v1_0_S00_AXI_inst/slv_reg18[7]_i_1_n_0                                                                             | system_i/AXI_LITE_REG_0/inst/axi_awready_i_1_n_0                                                                                                    |                2 |              8 |         4.00 |
|  system_i/processing_system7_0/inst/FCLK_CLK0 | system_i/AXI_LITE_REG_0/inst/AXI_LITE_REG_v1_0_S00_AXI_inst/slv_reg19[7]_i_1_n_0                                                                             | system_i/AXI_LITE_REG_0/inst/axi_awready_i_1_n_0                                                                                                    |                3 |              8 |         2.67 |
|  system_i/processing_system7_0/inst/FCLK_CLK0 | system_i/AXI_LITE_REG_0/inst/AXI_LITE_REG_v1_0_S00_AXI_inst/slv_reg19[15]_i_1_n_0                                                                            | system_i/AXI_LITE_REG_0/inst/axi_awready_i_1_n_0                                                                                                    |                1 |              8 |         8.00 |
|  system_i/processing_system7_0/inst/FCLK_CLK0 | system_i/AXI_LITE_REG_0/inst/AXI_LITE_REG_v1_0_S00_AXI_inst/slv_reg20[15]_i_1_n_0                                                                            | system_i/AXI_LITE_REG_0/inst/axi_awready_i_1_n_0                                                                                                    |                2 |              8 |         4.00 |
|  system_i/processing_system7_0/inst/FCLK_CLK0 | system_i/AXI_LITE_REG_0/inst/AXI_LITE_REG_v1_0_S00_AXI_inst/slv_reg24[15]_i_1_n_0                                                                            | system_i/AXI_LITE_REG_0/inst/axi_awready_i_1_n_0                                                                                                    |                3 |              8 |         2.67 |
|  system_i/processing_system7_0/inst/FCLK_CLK0 | system_i/AXI_LITE_REG_0/inst/AXI_LITE_REG_v1_0_S00_AXI_inst/slv_reg23[23]_i_1_n_0                                                                            | system_i/AXI_LITE_REG_0/inst/axi_awready_i_1_n_0                                                                                                    |                6 |              8 |         1.33 |
|  system_i/processing_system7_0/inst/FCLK_CLK0 | system_i/AXI_LITE_REG_0/inst/AXI_LITE_REG_v1_0_S00_AXI_inst/slv_reg21[15]_i_1_n_0                                                                            | system_i/AXI_LITE_REG_0/inst/axi_awready_i_1_n_0                                                                                                    |                2 |              8 |         4.00 |
|  system_i/processing_system7_0/inst/FCLK_CLK0 | system_i/AXI_LITE_REG_0/inst/AXI_LITE_REG_v1_0_S00_AXI_inst/slv_reg30[7]_i_1_n_0                                                                             | system_i/AXI_LITE_REG_0/inst/axi_awready_i_1_n_0                                                                                                    |                3 |              8 |         2.67 |
|  system_i/processing_system7_0/inst/FCLK_CLK0 | system_i/AXI_LITE_REG_0/inst/AXI_LITE_REG_v1_0_S00_AXI_inst/slv_reg8[15]_i_1_n_0                                                                             | system_i/AXI_LITE_REG_0/inst/axi_awready_i_1_n_0                                                                                                    |                2 |              8 |         4.00 |
|  system_i/processing_system7_0/inst/FCLK_CLK0 | system_i/AXI_LITE_REG_0/inst/AXI_LITE_REG_v1_0_S00_AXI_inst/slv_reg9[23]_i_1_n_0                                                                             | system_i/AXI_LITE_REG_0/inst/axi_awready_i_1_n_0                                                                                                    |                3 |              8 |         2.67 |
|  system_i/processing_system7_0/inst/FCLK_CLK0 | system_i/AXI_LITE_REG_0/inst/AXI_LITE_REG_v1_0_S00_AXI_inst/slv_reg31[23]_i_1_n_0                                                                            | system_i/AXI_LITE_REG_0/inst/axi_awready_i_1_n_0                                                                                                    |                3 |              8 |         2.67 |
|  system_i/processing_system7_0/inst/FCLK_CLK0 | system_i/AXI_LITE_REG_0/inst/AXI_LITE_REG_v1_0_S00_AXI_inst/slv_reg8[7]_i_1_n_0                                                                              | system_i/AXI_LITE_REG_0/inst/axi_awready_i_1_n_0                                                                                                    |                2 |              8 |         4.00 |
|  system_i/processing_system7_0/inst/FCLK_CLK0 | system_i/AXI_LITE_REG_0/inst/AXI_LITE_REG_v1_0_S00_AXI_inst/slv_reg4[7]_i_1_n_0                                                                              | system_i/AXI_LITE_REG_0/inst/axi_awready_i_1_n_0                                                                                                    |                2 |              8 |         4.00 |
|  system_i/processing_system7_0/inst/FCLK_CLK0 | system_i/AXI_LITE_REG_0/inst/AXI_LITE_REG_v1_0_S00_AXI_inst/slv_reg4[31]_i_1_n_0                                                                             | system_i/AXI_LITE_REG_0/inst/axi_awready_i_1_n_0                                                                                                    |                3 |              8 |         2.67 |
|  system_i/processing_system7_0/inst/FCLK_CLK0 | system_i/AXI_LITE_REG_0/inst/AXI_LITE_REG_v1_0_S00_AXI_inst/slv_reg6[15]_i_1_n_0                                                                             | system_i/AXI_LITE_REG_0/inst/axi_awready_i_1_n_0                                                                                                    |                3 |              8 |         2.67 |
|  system_i/processing_system7_0/inst/FCLK_CLK0 | system_i/AXI_LITE_REG_0/inst/AXI_LITE_REG_v1_0_S00_AXI_inst/slv_reg5[31]_i_1_n_0                                                                             | system_i/AXI_LITE_REG_0/inst/axi_awready_i_1_n_0                                                                                                    |                2 |              8 |         4.00 |
|  system_i/processing_system7_0/inst/FCLK_CLK0 | system_i/AXI_LITE_REG_0/inst/AXI_LITE_REG_v1_0_S00_AXI_inst/slv_reg7[15]_i_1_n_0                                                                             | system_i/AXI_LITE_REG_0/inst/axi_awready_i_1_n_0                                                                                                    |                5 |              8 |         1.60 |
|  system_i/processing_system7_0/inst/FCLK_CLK0 | system_i/AXI_LITE_REG_0/inst/AXI_LITE_REG_v1_0_S00_AXI_inst/slv_reg8[31]_i_1_n_0                                                                             | system_i/AXI_LITE_REG_0/inst/axi_awready_i_1_n_0                                                                                                    |                3 |              8 |         2.67 |
|  system_i/processing_system7_0/inst/FCLK_CLK0 | system_i/AXI_LITE_REG_0/inst/AXI_LITE_REG_v1_0_S00_AXI_inst/slv_reg7[23]_i_1_n_0                                                                             | system_i/AXI_LITE_REG_0/inst/axi_awready_i_1_n_0                                                                                                    |                7 |              8 |         1.14 |
|  system_i/processing_system7_0/inst/FCLK_CLK0 | system_i/AXI_LITE_REG_0/inst/AXI_LITE_REG_v1_0_S00_AXI_inst/slv_reg30[23]_i_1_n_0                                                                            | system_i/AXI_LITE_REG_0/inst/axi_awready_i_1_n_0                                                                                                    |                2 |              8 |         4.00 |
|  system_i/processing_system7_0/inst/FCLK_CLK0 | system_i/AXI_LITE_REG_0/inst/AXI_LITE_REG_v1_0_S00_AXI_inst/slv_reg4[15]_i_1_n_0                                                                             | system_i/AXI_LITE_REG_0/inst/axi_awready_i_1_n_0                                                                                                    |                1 |              8 |         8.00 |
|  system_i/processing_system7_0/inst/FCLK_CLK0 | system_i/AXI_LITE_REG_0/inst/AXI_LITE_REG_v1_0_S00_AXI_inst/slv_reg8[23]_i_1_n_0                                                                             | system_i/AXI_LITE_REG_0/inst/axi_awready_i_1_n_0                                                                                                    |                3 |              8 |         2.67 |
|  system_i/processing_system7_0/inst/FCLK_CLK0 | system_i/AXI_LITE_REG_0/inst/AXI_LITE_REG_v1_0_S00_AXI_inst/slv_reg31[7]_i_1_n_0                                                                             | system_i/AXI_LITE_REG_0/inst/axi_awready_i_1_n_0                                                                                                    |                3 |              8 |         2.67 |
|  system_i/processing_system7_0/inst/FCLK_CLK0 | system_i/AXI_LITE_REG_0/inst/AXI_LITE_REG_v1_0_S00_AXI_inst/slv_reg31[15]_i_1_n_0                                                                            | system_i/AXI_LITE_REG_0/inst/axi_awready_i_1_n_0                                                                                                    |                4 |              8 |         2.00 |
|  system_i/processing_system7_0/inst/FCLK_CLK0 | system_i/AXI_LITE_REG_0/inst/AXI_LITE_REG_v1_0_S00_AXI_inst/slv_reg3[15]_i_1_n_0                                                                             | system_i/AXI_LITE_REG_0/inst/axi_awready_i_1_n_0                                                                                                    |                1 |              8 |         8.00 |
|  system_i/processing_system7_0/inst/FCLK_CLK0 | system_i/AXI_LITE_REG_0/inst/AXI_LITE_REG_v1_0_S00_AXI_inst/slv_reg3[23]_i_1_n_0                                                                             | system_i/AXI_LITE_REG_0/inst/axi_awready_i_1_n_0                                                                                                    |                3 |              8 |         2.67 |
|  system_i/processing_system7_0/inst/FCLK_CLK0 | system_i/AXI_LITE_REG_0/inst/AXI_LITE_REG_v1_0_S00_AXI_inst/slv_reg5[23]_i_1_n_0                                                                             | system_i/AXI_LITE_REG_0/inst/axi_awready_i_1_n_0                                                                                                    |                2 |              8 |         4.00 |
|  system_i/processing_system7_0/inst/FCLK_CLK0 | system_i/AXI_LITE_REG_0/inst/AXI_LITE_REG_v1_0_S00_AXI_inst/slv_reg5[15]_i_1_n_0                                                                             | system_i/AXI_LITE_REG_0/inst/axi_awready_i_1_n_0                                                                                                    |                1 |              8 |         8.00 |
|  system_i/processing_system7_0/inst/FCLK_CLK0 | system_i/AXI_LITE_REG_0/inst/AXI_LITE_REG_v1_0_S00_AXI_inst/slv_reg6[31]_i_1_n_0                                                                             | system_i/AXI_LITE_REG_0/inst/axi_awready_i_1_n_0                                                                                                    |                4 |              8 |         2.00 |
|  system_i/processing_system7_0/inst/FCLK_CLK0 | system_i/AXI_LITE_REG_0/inst/AXI_LITE_REG_v1_0_S00_AXI_inst/slv_reg3[31]_i_1_n_0                                                                             | system_i/AXI_LITE_REG_0/inst/axi_awready_i_1_n_0                                                                                                    |                2 |              8 |         4.00 |
|  system_i/processing_system7_0/inst/FCLK_CLK0 | system_i/AXI_LITE_REG_0/inst/AXI_LITE_REG_v1_0_S00_AXI_inst/slv_reg9[7]_i_1_n_0                                                                              | system_i/AXI_LITE_REG_0/inst/axi_awready_i_1_n_0                                                                                                    |                5 |              8 |         1.60 |
|  system_i/processing_system7_0/inst/FCLK_CLK0 | system_i/AXI_LITE_REG_0/inst/AXI_LITE_REG_v1_0_S00_AXI_inst/slv_reg3[7]_i_1_n_0                                                                              | system_i/AXI_LITE_REG_0/inst/axi_awready_i_1_n_0                                                                                                    |                2 |              8 |         4.00 |
|  system_i/processing_system7_0/inst/FCLK_CLK0 | system_i/AXI_LITE_REG_0/inst/AXI_LITE_REG_v1_0_S00_AXI_inst/slv_reg31[31]_i_1_n_0                                                                            | system_i/AXI_LITE_REG_0/inst/axi_awready_i_1_n_0                                                                                                    |                4 |              8 |         2.00 |
|  system_i/processing_system7_0/inst/FCLK_CLK0 | system_i/AXI_LITE_REG_0/inst/AXI_LITE_REG_v1_0_S00_AXI_inst/slv_reg9[15]_i_1_n_0                                                                             | system_i/AXI_LITE_REG_0/inst/axi_awready_i_1_n_0                                                                                                    |                3 |              8 |         2.67 |
|  system_i/processing_system7_0/inst/FCLK_CLK0 | system_i/AXI_LITE_REG_0/inst/AXI_LITE_REG_v1_0_S00_AXI_inst/slv_reg6[7]_i_1_n_0                                                                              | system_i/AXI_LITE_REG_0/inst/axi_awready_i_1_n_0                                                                                                    |                4 |              8 |         2.00 |
|  system_i/processing_system7_0/inst/FCLK_CLK0 | system_i/AXI_LITE_REG_0/inst/AXI_LITE_REG_v1_0_S00_AXI_inst/slv_reg7[7]_i_1_n_0                                                                              | system_i/AXI_LITE_REG_0/inst/axi_awready_i_1_n_0                                                                                                    |                2 |              8 |         4.00 |
|  system_i/processing_system7_0/inst/FCLK_CLK0 | system_i/AXI_LITE_REG_0/inst/AXI_LITE_REG_v1_0_S00_AXI_inst/slv_reg9[31]_i_1_n_0                                                                             | system_i/AXI_LITE_REG_0/inst/axi_awready_i_1_n_0                                                                                                    |                5 |              8 |         1.60 |
|  system_i/processing_system7_0/inst/FCLK_CLK0 | system_i/AXI_LITE_REG_0/inst/AXI_LITE_REG_v1_0_S00_AXI_inst/slv_reg5[7]_i_1_n_0                                                                              | system_i/AXI_LITE_REG_0/inst/axi_awready_i_1_n_0                                                                                                    |                2 |              8 |         4.00 |
|  system_i/processing_system7_0/inst/FCLK_CLK0 | system_i/AXI_LITE_REG_0/inst/AXI_LITE_REG_v1_0_S00_AXI_inst/slv_reg4[23]_i_1_n_0                                                                             | system_i/AXI_LITE_REG_0/inst/axi_awready_i_1_n_0                                                                                                    |                4 |              8 |         2.00 |
|  system_i/processing_system7_0/inst/FCLK_CLK0 | system_i/AXI_LITE_REG_0/inst/AXI_LITE_REG_v1_0_S00_AXI_inst/slv_reg6[23]_i_1_n_0                                                                             | system_i/AXI_LITE_REG_0/inst/axi_awready_i_1_n_0                                                                                                    |                2 |              8 |         4.00 |
|  system_i/processing_system7_0/inst/FCLK_CLK0 | system_i/AXI_LITE_REG_0/inst/AXI_LITE_REG_v1_0_S00_AXI_inst/slv_reg30[31]_i_1_n_0                                                                            | system_i/AXI_LITE_REG_0/inst/axi_awready_i_1_n_0                                                                                                    |                2 |              8 |         4.00 |
|  system_i/processing_system7_0/inst/FCLK_CLK0 | system_i/AXI_LITE_REG_0/inst/AXI_LITE_REG_v1_0_S00_AXI_inst/slv_reg7[31]_i_1_n_0                                                                             | system_i/AXI_LITE_REG_0/inst/axi_awready_i_1_n_0                                                                                                    |                2 |              8 |         4.00 |
|  system_i/processing_system7_0/inst/FCLK_CLK0 | system_i/AXI_LITE_REG_0/inst/AXI_LITE_REG_v1_0_S00_AXI_inst/p_1_in[7]                                                                                        | system_i/AXI_LITE_REG_0/inst/axi_awready_i_1_n_0                                                                                                    |                2 |              8 |         4.00 |
|  system_i/processing_system7_0/inst/FCLK_CLK0 | system_i/AXI_LITE_REG_0/inst/AXI_LITE_REG_v1_0_S00_AXI_inst/p_1_in[23]                                                                                       | system_i/AXI_LITE_REG_0/inst/axi_awready_i_1_n_0                                                                                                    |                1 |              8 |         8.00 |
|  system_i/processing_system7_0/inst/FCLK_CLK0 | system_i/AXI_LITE_REG_0/inst/AXI_LITE_REG_v1_0_S00_AXI_inst/p_1_in[31]                                                                                       | system_i/AXI_LITE_REG_0/inst/axi_awready_i_1_n_0                                                                                                    |                2 |              8 |         4.00 |
|  system_i/processing_system7_0/inst/FCLK_CLK0 | system_i/AXI_LITE_REG_0/inst/AXI_LITE_REG_v1_0_S00_AXI_inst/p_1_in[15]                                                                                       | system_i/AXI_LITE_REG_0/inst/axi_awready_i_1_n_0                                                                                                    |                1 |              8 |         8.00 |
|  system_i/processing_system7_0/inst/FCLK_CLK0 | system_i/AXI_LITE_REG_0/inst/AXI_LITE_REG_v1_0_S00_AXI_inst/slv_reg10[15]_i_1_n_0                                                                            | system_i/AXI_LITE_REG_0/inst/axi_awready_i_1_n_0                                                                                                    |                1 |              8 |         8.00 |
|  system_i/processing_system7_0/inst/FCLK_CLK0 | system_i/AXI_LITE_REG_0/inst/AXI_LITE_REG_v1_0_S00_AXI_inst/slv_reg10[23]_i_1_n_0                                                                            | system_i/AXI_LITE_REG_0/inst/axi_awready_i_1_n_0                                                                                                    |                1 |              8 |         8.00 |
|  system_i/processing_system7_0/inst/FCLK_CLK0 | system_i/AXI_LITE_REG_0/inst/AXI_LITE_REG_v1_0_S00_AXI_inst/slv_reg13[31]_i_1_n_0                                                                            | system_i/AXI_LITE_REG_0/inst/axi_awready_i_1_n_0                                                                                                    |                1 |              8 |         8.00 |
|  system_i/processing_system7_0/inst/FCLK_CLK0 | system_i/AXI_LITE_REG_0/inst/AXI_LITE_REG_v1_0_S00_AXI_inst/slv_reg12[15]_i_1_n_0                                                                            | system_i/AXI_LITE_REG_0/inst/axi_awready_i_1_n_0                                                                                                    |                1 |              8 |         8.00 |
|  system_i/processing_system7_0/inst/FCLK_CLK0 | system_i/AXI_LITE_REG_0/inst/AXI_LITE_REG_v1_0_S00_AXI_inst/slv_reg12[31]_i_1_n_0                                                                            | system_i/AXI_LITE_REG_0/inst/axi_awready_i_1_n_0                                                                                                    |                1 |              8 |         8.00 |
|  system_i/processing_system7_0/inst/FCLK_CLK0 | system_i/AXI_LITE_REG_0/inst/AXI_LITE_REG_v1_0_S00_AXI_inst/slv_reg13[15]_i_1_n_0                                                                            | system_i/AXI_LITE_REG_0/inst/axi_awready_i_1_n_0                                                                                                    |                2 |              8 |         4.00 |
|  system_i/processing_system7_0/inst/FCLK_CLK0 | system_i/AXI_LITE_REG_0/inst/AXI_LITE_REG_v1_0_S00_AXI_inst/slv_reg13[7]_i_1_n_0                                                                             | system_i/AXI_LITE_REG_0/inst/axi_awready_i_1_n_0                                                                                                    |                2 |              8 |         4.00 |
|  system_i/processing_system7_0/inst/FCLK_CLK0 | system_i/AXI_LITE_REG_0/inst/AXI_LITE_REG_v1_0_S00_AXI_inst/slv_reg10[7]_i_1_n_0                                                                             | system_i/AXI_LITE_REG_0/inst/axi_awready_i_1_n_0                                                                                                    |                1 |              8 |         8.00 |
|  system_i/processing_system7_0/inst/FCLK_CLK0 | system_i/AXI_LITE_REG_0/inst/AXI_LITE_REG_v1_0_S00_AXI_inst/slv_reg10[31]_i_1_n_0                                                                            | system_i/AXI_LITE_REG_0/inst/axi_awready_i_1_n_0                                                                                                    |                3 |              8 |         2.67 |
|  system_i/processing_system7_0/inst/FCLK_CLK0 | system_i/AXI_LITE_REG_0/inst/AXI_LITE_REG_v1_0_S00_AXI_inst/slv_reg14[15]_i_1_n_0                                                                            | system_i/AXI_LITE_REG_0/inst/axi_awready_i_1_n_0                                                                                                    |                3 |              8 |         2.67 |
|  system_i/processing_system7_0/inst/FCLK_CLK0 | system_i/AXI_LITE_REG_0/inst/AXI_LITE_REG_v1_0_S00_AXI_inst/slv_reg11[7]_i_1_n_0                                                                             | system_i/AXI_LITE_REG_0/inst/axi_awready_i_1_n_0                                                                                                    |                2 |              8 |         4.00 |
|  system_i/processing_system7_0/inst/FCLK_CLK0 | system_i/AXI_LITE_REG_0/inst/AXI_LITE_REG_v1_0_S00_AXI_inst/slv_reg15[15]_i_1_n_0                                                                            | system_i/AXI_LITE_REG_0/inst/axi_awready_i_1_n_0                                                                                                    |                2 |              8 |         4.00 |
|  system_i/processing_system7_0/inst/FCLK_CLK0 | system_i/AXI_LITE_REG_0/inst/AXI_LITE_REG_v1_0_S00_AXI_inst/slv_reg15[31]_i_1_n_0                                                                            | system_i/AXI_LITE_REG_0/inst/axi_awready_i_1_n_0                                                                                                    |                2 |              8 |         4.00 |
|  system_i/processing_system7_0/inst/FCLK_CLK0 | system_i/AXI_LITE_REG_0/inst/AXI_LITE_REG_v1_0_S00_AXI_inst/slv_reg14[31]_i_1_n_0                                                                            | system_i/AXI_LITE_REG_0/inst/axi_awready_i_1_n_0                                                                                                    |                2 |              8 |         4.00 |
|  system_i/processing_system7_0/inst/FCLK_CLK0 | system_i/AXI_LITE_REG_0/inst/AXI_LITE_REG_v1_0_S00_AXI_inst/slv_reg15[23]_i_1_n_0                                                                            | system_i/AXI_LITE_REG_0/inst/axi_awready_i_1_n_0                                                                                                    |                3 |              8 |         2.67 |
|  system_i/processing_system7_0/inst/FCLK_CLK0 | system_i/AXI_LITE_REG_0/inst/AXI_LITE_REG_v1_0_S00_AXI_inst/slv_reg13[23]_i_1_n_0                                                                            | system_i/AXI_LITE_REG_0/inst/axi_awready_i_1_n_0                                                                                                    |                2 |              8 |         4.00 |
|  system_i/processing_system7_0/inst/FCLK_CLK0 | system_i/AXI_LITE_REG_0/inst/AXI_LITE_REG_v1_0_S00_AXI_inst/slv_reg11[15]_i_1_n_0                                                                            | system_i/AXI_LITE_REG_0/inst/axi_awready_i_1_n_0                                                                                                    |                2 |              8 |         4.00 |
|  system_i/processing_system7_0/inst/FCLK_CLK0 | system_i/AXI_LITE_REG_0/inst/AXI_LITE_REG_v1_0_S00_AXI_inst/slv_reg12[7]_i_1_n_0                                                                             | system_i/AXI_LITE_REG_0/inst/axi_awready_i_1_n_0                                                                                                    |                3 |              8 |         2.67 |
|  system_i/processing_system7_0/inst/FCLK_CLK0 | system_i/AXI_LITE_REG_0/inst/AXI_LITE_REG_v1_0_S00_AXI_inst/slv_reg14[23]_i_1_n_0                                                                            | system_i/AXI_LITE_REG_0/inst/axi_awready_i_1_n_0                                                                                                    |                2 |              8 |         4.00 |
|  system_i/processing_system7_0/inst/FCLK_CLK0 | system_i/AXI_LITE_REG_0/inst/AXI_LITE_REG_v1_0_S00_AXI_inst/slv_reg11[23]_i_1_n_0                                                                            | system_i/AXI_LITE_REG_0/inst/axi_awready_i_1_n_0                                                                                                    |                2 |              8 |         4.00 |
|  system_i/processing_system7_0/inst/FCLK_CLK0 | system_i/AXI_LITE_REG_0/inst/AXI_LITE_REG_v1_0_S00_AXI_inst/slv_reg12[23]_i_1_n_0                                                                            | system_i/AXI_LITE_REG_0/inst/axi_awready_i_1_n_0                                                                                                    |                1 |              8 |         8.00 |
|  system_i/processing_system7_0/inst/FCLK_CLK0 | system_i/AXI_LITE_REG_0/inst/AXI_LITE_REG_v1_0_S00_AXI_inst/slv_reg14[7]_i_1_n_0                                                                             | system_i/AXI_LITE_REG_0/inst/axi_awready_i_1_n_0                                                                                                    |                2 |              8 |         4.00 |
|  system_i/processing_system7_0/inst/FCLK_CLK0 | system_i/AXI_LITE_REG_0/inst/AXI_LITE_REG_v1_0_S00_AXI_inst/slv_reg11[31]_i_1_n_0                                                                            | system_i/AXI_LITE_REG_0/inst/axi_awready_i_1_n_0                                                                                                    |                2 |              8 |         4.00 |
|  system_i/processing_system7_0/inst/FCLK_CLK0 | system_i/ps7_0_axi_periph/s00_couplers/auto_pc/inst/gen_axilite.gen_b2s_conv.axilite_b2s/WR.aw_channel_0/aw_cmd_fsm_0/m_valid_i_reg[0]                       |                                                                                                                                                     |                5 |              8 |         1.60 |
|  system_i/processing_system7_0/inst/FCLK_CLK0 | system_i/ps7_0_axi_periph/s00_couplers/auto_pc/inst/gen_axilite.gen_b2s_conv.axilite_b2s/WR.aw_channel_0/cmd_translator_0/incr_cmd_0/axaddr_incr[11]_i_1_n_0 |                                                                                                                                                     |                3 |              8 |         2.67 |
|  system_i/processing_system7_0/inst/FCLK_CLK0 | system_i/ps7_0_axi_periph/s00_couplers/auto_pc/inst/gen_axilite.gen_b2s_conv.axilite_b2s/WR.b_channel_0/mhandshake_r                                         | system_i/ps7_0_axi_periph/s00_couplers/auto_pc/inst/gen_axilite.gen_b2s_conv.axilite_b2s/WR.b_channel_0/bid_fifo_0/SR[0]                            |                2 |              8 |         4.00 |
|  system_i/processing_system7_0/inst/FCLK_CLK0 | system_i/AXI_LITE_REG_0/inst/AXI_LITE_REG_v1_0_S00_AXI_inst/slv_reg29[23]_i_1_n_0                                                                            | system_i/AXI_LITE_REG_0/inst/axi_awready_i_1_n_0                                                                                                    |                2 |              8 |         4.00 |
|  system_i/processing_system7_0/inst/FCLK_CLK0 | system_i/ps7_0_axi_periph/s00_couplers/auto_pc/inst/gen_axilite.gen_b2s_conv.axilite_b2s/RD.ar_channel_0/ar_cmd_fsm_0/E[0]                                   |                                                                                                                                                     |                4 |              8 |         2.00 |
|  system_i/processing_system7_0/inst/FCLK_CLK0 | system_i/ps7_0_axi_periph/s00_couplers/auto_pc/inst/gen_axilite.gen_b2s_conv.axilite_b2s/RD.ar_channel_0/ar_cmd_fsm_0/sel_first_reg[0]                       |                                                                                                                                                     |                1 |              8 |         8.00 |
|  system_i/processing_system7_0/inst/FCLK_CLK0 | system_i/AXI_LITE_REG_0/inst/AXI_LITE_REG_v1_0_S00_AXI_inst/slv_reg17[31]_i_1_n_0                                                                            | system_i/AXI_LITE_REG_0/inst/axi_awready_i_1_n_0                                                                                                    |                1 |              8 |         8.00 |
|  system_i/processing_system7_0/inst/FCLK_CLK0 | system_i/AXI_LITE_REG_0/inst/AXI_LITE_REG_v1_0_S00_AXI_inst/slv_reg27[23]_i_1_n_0                                                                            | system_i/AXI_LITE_REG_0/inst/axi_awready_i_1_n_0                                                                                                    |                3 |              8 |         2.67 |
|  system_i/processing_system7_0/inst/FCLK_CLK0 |                                                                                                                                                              | system_i/ps7_0_axi_periph/s00_couplers/auto_pc/inst/gen_axilite.gen_b2s_conv.axilite_b2s/areset_d1                                                  |                4 |             10 |         2.50 |
|  system_i/processing_system7_0/inst/FCLK_CLK0 | system_i/ps7_0_axi_periph/s00_couplers/auto_pc/inst/gen_axilite.gen_b2s_conv.axilite_b2s/RD.r_channel_0/r_push_r                                             |                                                                                                                                                     |                4 |             13 |         3.25 |
|  system_i/processing_system7_0/inst/FCLK_CLK0 | system_i/ps7_0_axi_periph/s00_couplers/auto_pc/inst/gen_axilite.gen_b2s_conv.axilite_b2s/SI_REG/b.b_pipe/p_1_in                                              |                                                                                                                                                     |                2 |             14 |         7.00 |
|  system_i/processing_system7_0/inst/FCLK_CLK0 | system_i/ps7_0_axi_periph/s00_couplers/auto_pc/inst/gen_axilite.gen_b2s_conv.axilite_b2s/SI_REG/b.b_pipe/s_ready_i_reg_0                                     |                                                                                                                                                     |                2 |             14 |         7.00 |
|  system_i/processing_system7_0/inst/FCLK_CLK0 | system_i/ps7_0_axi_periph/s00_couplers/auto_pc/inst/gen_axilite.gen_b2s_conv.axilite_b2s/WR.aw_channel_0/aw_cmd_fsm_0/m_axi_awready_0                        |                                                                                                                                                     |                3 |             16 |         5.33 |
|  system_i/processing_system7_0/inst/FCLK_CLK0 | system_i/ps7_0_axi_periph/s00_couplers/auto_pc/inst/gen_axilite.gen_b2s_conv.axilite_b2s/RD.ar_channel_0/ar_cmd_fsm_0/m_axi_arready_2                        |                                                                                                                                                     |                5 |             17 |         3.40 |
|  system_i/processing_system7_0/inst/FCLK_CLK0 | system_i/ps7_0_axi_periph/s00_couplers/auto_pc/inst/gen_axilite.gen_b2s_conv.axilite_b2s/WR.aw_channel_0/aw_cmd_fsm_0/FSM_sequential_state_reg[0]_1          |                                                                                                                                                     |                8 |             20 |         2.50 |
|  system_i/processing_system7_0/inst/FCLK_CLK0 | system_i/ps7_0_axi_periph/s00_couplers/auto_pc/inst/gen_axilite.gen_b2s_conv.axilite_b2s/SI_REG/ar.ar_pipe/s_ready_i_reg_0                                   |                                                                                                                                                     |                6 |             28 |         4.67 |
|  system_i/processing_system7_0/inst/FCLK_CLK0 | system_i/ps7_0_axi_periph/s00_couplers/auto_pc/inst/gen_axilite.gen_b2s_conv.axilite_b2s/SI_REG/aw.aw_pipe/s_ready_i_reg_0                                   |                                                                                                                                                     |                7 |             28 |         4.00 |
|  system_i/processing_system7_0/inst/FCLK_CLK0 | system_i/ps7_0_axi_periph/s00_couplers/auto_pc/inst/gen_axilite.gen_b2s_conv.axilite_b2s/WR.aw_channel_0/aw_cmd_fsm_0/E[0]                                   |                                                                                                                                                     |                6 |             28 |         4.67 |
|  system_i/processing_system7_0/inst/FCLK_CLK0 | system_i/ps7_0_axi_periph/s00_couplers/auto_pc/inst/gen_axilite.gen_b2s_conv.axilite_b2s/RD.ar_channel_0/ar_cmd_fsm_0/m_valid_i_reg[0]                       |                                                                                                                                                     |                5 |             28 |         5.60 |
|  system_i/processing_system7_0/inst/FCLK_CLK0 | system_i/AXI_LITE_REG_0/inst/AXI_LITE_REG_v1_0_S00_AXI_inst/slv_reg_rden                                                                                     | system_i/AXI_LITE_REG_0/inst/axi_awready_i_1_n_0                                                                                                    |               16 |             32 |         2.00 |
|  system_i/processing_system7_0/inst/FCLK_CLK0 | system_i/ps7_0_axi_periph/s00_couplers/auto_pc/inst/gen_axilite.gen_b2s_conv.axilite_b2s/RD.r_channel_0/rd_data_fifo_0/wr_en0                                |                                                                                                                                                     |                9 |             32 |         3.56 |
|  system_i/processing_system7_0/inst/FCLK_CLK0 | system_i/ps7_0_axi_periph/s00_couplers/auto_pc/inst/gen_axilite.gen_b2s_conv.axilite_b2s/SI_REG/r.r_pipe/s_ready_i_reg_0                                     |                                                                                                                                                     |               11 |             45 |         4.09 |
|  system_i/processing_system7_0/inst/FCLK_CLK0 | system_i/ps7_0_axi_periph/s00_couplers/auto_pc/inst/gen_axilite.gen_b2s_conv.axilite_b2s/SI_REG/r.r_pipe/p_1_in                                              |                                                                                                                                                     |               10 |             45 |         4.50 |
|  system_i/processing_system7_0/inst/FCLK_CLK0 |                                                                                                                                                              |                                                                                                                                                     |               36 |            110 |         3.06 |
+-----------------------------------------------+--------------------------------------------------------------------------------------------------------------------------------------------------------------+-----------------------------------------------------------------------------------------------------------------------------------------------------+------------------+----------------+--------------+


